<?xml version="1.0" encoding="UTF-8"?>
<!-- Generated by org.testng.reporters.JUnitReportReporter -->
<testsuite skipped="0" hostname="CEHDXBCB0014" name="testcases.LoginTest" tests="1" failures="0" timestamp="23 Dec 2023 08:57:48 GMT" time="41.522" errors="0">
  <testcase name="login" time="41.522" classname="testcases.LoginTest"/>
</testsuite> <!-- testcases.LoginTest -->
