<?xml version="1.0" encoding="UTF-8"?>
<!-- Generated by org.testng.reporters.JUnitReportReporter -->
<testsuite skipped="0" hostname="CEHDXBCB0014" name="testcases.UpdateProfileTest" tests="1" failures="0" timestamp="23 Dec 2023 10:00:46 GMT" time="33.409" errors="0">
  <testcase name="login" time="33.409" classname="testcases.UpdateProfileTest"/>
</testsuite> <!-- testcases.UpdateProfileTest -->
